RUN	com.gatling.tests.MainComputerDatabase	maincomputerdatabase	1675810824403	Login and Editing of Computer Database	3.6.1
USER	Users	START	1675810825326
USER	Admins	START	1675810825327
REQUEST		Home Page	1675810825370	1675810825560	OK	 
REQUEST		Home Page	1675810825370	1675810825559	OK	 
USER	Users	START	1675810826310
REQUEST		Home Page	1675810826311	1675810826439	OK	 
USER	Admins	START	1675810827306
USER	Users	START	1675810827321
REQUEST		Home Page	1675810827306	1675810827431	OK	 
REQUEST		Home Page	1675810827322	1675810827439	OK	 
REQUEST		Search	1675810827679	1675810827728	OK	 
REQUEST		Search	1675810827679	1675810827728	OK	 
USER	Users	START	1675810828315
REQUEST		Search	1675810828458	1675810828507	OK	 
REQUEST		Home Page	1675810828316	1675810828646	OK	 
USER	Users	START	1675810829307
REQUEST		Home Page	1675810829307	1675810829427	OK	 
REQUEST		Search	1675810829449	1675810829498	OK	 
REQUEST		Search	1675810829449	1675810829508	OK	 
USER	Admins	START	1675810830317
USER	Users	START	1675810830317
REQUEST		Home Page	1675810830317	1675810830422	OK	 
REQUEST		Home Page	1675810830317	1675810830426	OK	 
REQUEST		Search	1675810830660	1675810830720	OK	 
USER	Users	START	1675810831314
REQUEST		Home Page	1675810831314	1675810831429	OK	 
REQUEST		Search	1675810831438	1675810831501	OK	 
REQUEST		Select	1675810831737	1675810831785	OK	 
REQUEST		Select	1675810831737	1675810831786	OK	 
USER	Admins	START	1675810832317
USER	Users	START	1675810832317
REQUEST		Home Page	1675810832317	1675810832422	OK	 
REQUEST		Home Page	1675810832317	1675810832434	OK	 
REQUEST		Search	1675810832442	1675810832488	OK	 
REQUEST		Search	1675810832442	1675810832488	OK	 
REQUEST		Select	1675810832519	1675810832568	OK	 
USER	Users	START	1675810833316
REQUEST		Home Page	1675810833317	1675810833432	OK	 
REQUEST		Search	1675810833441	1675810833490	OK	 
REQUEST		Select	1675810833504	1675810833553	OK	 
REQUEST		Select	1675810833519	1675810833567	OK	 
USER	Users	START	1675810834317
REQUEST		Home Page	1675810834318	1675810834425	OK	 
REQUEST		Search	1675810834430	1675810834480	OK	 
REQUEST		Search	1675810834443	1675810834503	OK	 
REQUEST		Select	1675810834723	1675810834776	OK	 
USER	Users	END	1675810834803
REQUEST		Edit	1675810834807	1675810834857	OK	 
REQUEST		Edit Redirect 1	1675810834864	1675810834914	OK	 
REQUEST		Search	1675810835436	1675810835487	OK	 
REQUEST		Select	1675810835514	1675810835573	OK	 
USER	Users	END	1675810835576
REQUEST		Search	1675810836434	1675810836484	OK	 
REQUEST		Select	1675810836496	1675810836543	OK	 
REQUEST		Select	1675810836496	1675810836543	OK	 
USER	Users	END	1675810836558
REQUEST		Edit	1675810836573	1675810836622	OK	 
REQUEST		Edit Redirect 1	1675810836622	1675810836671	OK	 
REQUEST		Select	1675810837493	1675810837545	OK	 
USER	Users	END	1675810837790
REQUEST		Select	1675810838492	1675810838543	OK	 
REQUEST		Select	1675810838507	1675810838556	OK	 
USER	Users	END	1675810838584
USER	Admins	END	1675810838917
REQUEST		Select	1675810839494	1675810839548	OK	 
USER	Users	END	1675810839556
REQUEST		Edit	1675810839556	1675810839603	OK	 
REQUEST		Edit Redirect 1	1675810839604	1675810839651	OK	 
REQUEST		Select	1675810840488	1675810840538	OK	 
USER	Users	END	1675810840549
USER	Admins	END	1675810840673
USER	Users	END	1675810841558
REQUEST		Edit	1675810841574	1675810841625	OK	 
REQUEST		Edit Redirect 1	1675810841625	1675810841675	OK	 
USER	Users	END	1675810842552
USER	Users	END	1675810843550
USER	Admins	END	1675810843659
USER	Admins	END	1675810845690
