RUN	com.gatling.tests.AddAndUpdateItem	addandupdateitem	1675990278040	Test that Adds an Item and Updates the Cart	3.6.1
USER	Users2	START	1675990279700
USER	Users1	START	1675990279700
USER	Users1	START	1675990280683
REQUEST		Home Page	1675990279747	1675990280798	OK	 
REQUEST		Home Page	1675990279747	1675990280799	OK	 
REQUEST		Home Page	1675990280686	1675990280799	OK	 
USER	Users2	START	1675990281674
REQUEST		Home Page	1675990281674	1675990281726	OK	 
USER	Users1	START	1675990282669
REQUEST		Home Page	1675990282670	1675990282719	OK	 
USER	Users2	START	1675990284670
USER	Users1	START	1675990284679
REQUEST		Home Page	1675990284679	1675990284793	OK	 
REQUEST		Home Page	1675990284671	1675990284813	OK	 
USER	Users1	START	1675990285675
REQUEST		Home Page	1675990285676	1675990285732	OK	 
REQUEST		Add Item to Cart	1675990284038	1675990286341	OK	 
REQUEST		Add Item to Cart	1675990284038	1675990286341	OK	 
REQUEST		Add Item to Cart	1675990284038	1675990286341	OK	 
REQUEST		Add Item to Cart	1675990285737	1675990286340	OK	 
REQUEST		Add Item to Cart	1675990284746	1675990286341	OK	 
USER	Users2	START	1675990286676
REQUEST		Home Page	1675990286677	1675990286766	OK	 
REQUEST		Add Item to Cart Redirect 1	1675990286352	1675990287491	OK	 
REQUEST		Add Item to Cart Redirect 1	1675990286352	1675990287491	OK	 
REQUEST		Add Item to Cart Redirect 1	1675990286352	1675990287491	OK	 
REQUEST		Add Item to Cart Redirect 1	1675990286352	1675990287491	OK	 
REQUEST		Add Item to Cart Redirect 1	1675990286353	1675990287491	OK	 
USER	Users1	START	1675990287666
REQUEST		Home Page	1675990287667	1675990287736	OK	 
REQUEST		Add Item to Cart	1675990287809	1675990287821	OK	 
REQUEST		Add Item to Cart	1675990287824	1675990287833	OK	 
REQUEST		Add Item to Cart Redirect 1	1675990287822	1675990287882	OK	 
REQUEST		Add Item to Cart Redirect 1	1675990287835	1675990287894	OK	 
REQUEST		Add Item to Cart Redirect 2	1675990287492	1675990287951	OK	 
REQUEST		Add Item to Cart Redirect 2	1675990287492	1675990287963	OK	 
REQUEST		Add Item to Cart Redirect 2	1675990287492	1675990287963	OK	 
REQUEST		Add Item to Cart Redirect 2	1675990287492	1675990287965	OK	 
REQUEST		Add Item to Cart Redirect 2	1675990287492	1675990287965	OK	 
REQUEST		Add Item to Cart Redirect 2	1675990287895	1675990288011	OK	 
REQUEST		Add Item to Cart Redirect 2	1675990287883	1675990288024	OK	 
REQUEST		Add Item to Cart	1675990288751	1675990288760	OK	 
REQUEST		Add Item to Cart Redirect 1	1675990288761	1675990288807	OK	 
REQUEST		Add Item to Cart Redirect 2	1675990288808	1675990288871	OK	 
REQUEST		Add Item to Cart	1675990289781	1675990289789	OK	 
REQUEST		Add Item to Cart Redirect 1	1675990289791	1675990289839	OK	 
REQUEST		Add Item to Cart Redirect 2	1675990289840	1675990289930	OK	 
REQUEST		View Cart	1675990289967	1675990289974	OK	 
REQUEST		View Cart	1675990289983	1675990289995	OK	 
REQUEST		View Cart	1675990289985	1675990289998	OK	 
REQUEST		View Cart	1675990289984	1675990289999	OK	 
REQUEST		View Cart	1675990289982	1675990290005	OK	 
REQUEST		View Cart Redirect 1	1675990289977	1675990290034	OK	 
REQUEST		View Cart	1675990290030	1675990290037	OK	 
REQUEST		View Cart Redirect 1	1675990290000	1675990290053	OK	 
REQUEST		View Cart	1675990290030	1675990290037	OK	 
REQUEST		View Cart Redirect 1	1675990290007	1675990290059	OK	 
REQUEST		View Cart Redirect 1	1675990290001	1675990290087	OK	 
REQUEST		View Cart Redirect 1	1675990289997	1675990290088	OK	 
REQUEST		View Cart Redirect 1	1675990290054	1675990290115	OK	 
REQUEST		View Cart Redirect 1	1675990290039	1675990290121	OK	 
REQUEST		View Cart Redirect 2	1675990290035	1675990290157	OK	 
REQUEST		View Cart Redirect 2	1675990290054	1675990290211	OK	 
REQUEST		View Cart Redirect 2	1675990290089	1675990290263	OK	 
REQUEST		View Cart Redirect 2	1675990290060	1675990290271	OK	 
REQUEST		View Cart Redirect 2	1675990290088	1675990290280	OK	 
REQUEST		View Cart Redirect 2	1675990290116	1675990290287	OK	 
REQUEST		View Cart Redirect 2	1675990290122	1675990290311	OK	 
REQUEST		Add Item to Cart	1675990290749	1675990290756	OK	 
REQUEST		Add Item to Cart Redirect 1	1675990290758	1675990290840	OK	 
REQUEST		View Cart	1675990290889	1675990290897	OK	 
REQUEST		Add Item to Cart Redirect 2	1675990290840	1675990290935	OK	 
REQUEST		View Cart Redirect 1	1675990290899	1675990290969	OK	 
REQUEST		View Cart Redirect 2	1675990290970	1675990291047	OK	 
REQUEST		View Cart	1675990291937	1675990291945	OK	 
REQUEST		View Cart Redirect 1	1675990291946	1675990291990	OK	 
REQUEST		View Cart Redirect 2	1675990291991	1675990292048	OK	 
REQUEST		View Cart	1675990292944	1675990292952	OK	 
REQUEST		View Cart Redirect 1	1675990292954	1675990292995	OK	 
REQUEST		View Cart Redirect 2	1675990292996	1675990293057	OK	 
USER	Users1	END	1675990293179
REQUEST		Update Cart	1675990293222	1675990293234	OK	 
REQUEST		Update Cart	1675990293268	1675990293278	OK	 
USER	Users1	END	1675990293284
REQUEST		Update Cart Redirect 1	1675990293235	1675990293288	OK	 
USER	Users1	END	1675990293300
USER	Users1	END	1675990293302
REQUEST		Update Cart	1675990293317	1675990293328	OK	 
REQUEST		Update Cart Redirect 1	1675990293279	1675990293377	OK	 
REQUEST		Update Cart Redirect 1	1675990293331	1675990293419	OK	 
REQUEST		Update Cart Redirect 2	1675990293290	1675990293438	OK	 
REQUEST		Update Cart Redirect 2	1675990293378	1675990293478	OK	 
REQUEST		Update Cart Redirect 2	1675990293420	1675990293501	OK	 
USER	Users1	END	1675990294053
REQUEST		Update Cart	1675990295064	1675990295071	OK	 
REQUEST		Update Cart Redirect 1	1675990295073	1675990295113	OK	 
REQUEST		Update Cart Redirect 2	1675990295114	1675990295180	OK	 
USER	Users1	END	1675990296074
REQUEST		Home Page	1675990296450	1675990296526	OK	 
REQUEST		Home Page	1675990296482	1675990296533	OK	 
REQUEST		Home Page	1675990296513	1675990296558	OK	 
USER	Users2	END	1675990297541
USER	Users2	END	1675990297541
USER	Users2	END	1675990297572
REQUEST		Home Page	1675990298192	1675990298240	OK	 
USER	Users2	END	1675990299253
